빌드 시작: 2013-02-25 오후 1:34:17
     1>2 노드의 "C:\Documents and Settings\user\바탕 화면\jyl_class 3.01 ver\jyl_class\jyl_class.vcxproj" 프로젝트(build 대상)입니다.
     1>InitializeBuildStatus:
         "AlwaysCreate"이(가) 지정되었기 때문에 "Debug\jyl_class.unsuccessfulbuild"을(를) 만들고 있습니다.
       ClCompile:
         C:\Program Files\Microsoft Visual Studio 10.0\VC\bin\CL.exe /c /ZI /nologo /W3 /WX- /Od /Oy- /D WIN32 /D _WINDOWS /D _DEBUG /D _MBCS /Gm /EHsc /RTC1 /MTd /GS /fp:precise /Zc:wchar_t /Zc:forScope /Yc"StdAfx.h" /Fp"Debug\jyl_class.pch" /Fo"Debug\\" /Fd"Debug\vc100.pdb" /Gd /TP /analyze- /errorReport:prompt stdafx.cpp
         stdafx.cpp
         C:\Program Files\Microsoft Visual Studio 10.0\VC\bin\CL.exe /c /ZI /nologo /W3 /WX- /Od /Oy- /D WIN32 /D _WINDOWS /D _DEBUG /D _MBCS /Gm /EHsc /RTC1 /MTd /GS /fp:precise /Zc:wchar_t /Zc:forScope /Yu"StdAfx.h" /Fp"Debug\jyl_class.pch" /Fo"Debug\\" /Fd"Debug\vc100.pdb" /Gd /TP /analyze- /errorReport:prompt BitBtn.cpp BitmapTool.cpp CommNetwork.cpp ComSocket.cpp jyl_class.cpp jyl_classDlg.cpp SerchPort.cpp Setup_Dlg.cpp SocketThread.cpp Transparency.cpp WindowAutoStart.cpp
         WindowAutoStart.cpp
     1>c:\documents and settings\user\바탕 화면\jyl_class 3.01 ver\jyl_class\windowautostart.cpp(47): warning C4996: 'strcpy': This function or variable may be unsafe. Consider using strcpy_s instead. To disable deprecation, use _CRT_SECURE_NO_WARNINGS. See online help for details.
                 c:\program files\microsoft visual studio 10.0\vc\include\string.h(105) : 'strcpy' 선언을 참조하십시오.
         Transparency.cpp
         SocketThread.cpp
         Setup_Dlg.cpp
         SerchPort.cpp
     1>c:\documents and settings\user\바탕 화면\jyl_class 3.01 ver\jyl_class\serchport.cpp(91): warning C4996: 'sprintf': This function or variable may be unsafe. Consider using sprintf_s instead. To disable deprecation, use _CRT_SECURE_NO_WARNINGS. See online help for details.
                 c:\program files\microsoft visual studio 10.0\vc\include\stdio.h(371) : 'sprintf' 선언을 참조하십시오.
         jyl_classDlg.cpp
     1>c:\documents and settings\user\바탕 화면\jyl_class 3.01 ver\jyl_class\jyl_classdlg.cpp(222): warning C4996: 'strtok': This function or variable may be unsafe. Consider using strtok_s instead. To disable deprecation, use _CRT_SECURE_NO_WARNINGS. See online help for details.
                 c:\program files\microsoft visual studio 10.0\vc\include\string.h(197) : 'strtok' 선언을 참조하십시오.
     1>c:\documents and settings\user\바탕 화면\jyl_class 3.01 ver\jyl_class\jyl_classdlg.cpp(224): warning C4996: 'strtok': This function or variable may be unsafe. Consider using strtok_s instead. To disable deprecation, use _CRT_SECURE_NO_WARNINGS. See online help for details.
                 c:\program files\microsoft visual studio 10.0\vc\include\string.h(197) : 'strtok' 선언을 참조하십시오.
     1>c:\documents and settings\user\바탕 화면\jyl_class 3.01 ver\jyl_class\jyl_classdlg.cpp(228): warning C4996: 'strtok': This function or variable may be unsafe. Consider using strtok_s instead. To disable deprecation, use _CRT_SECURE_NO_WARNINGS. See online help for details.
                 c:\program files\microsoft visual studio 10.0\vc\include\string.h(197) : 'strtok' 선언을 참조하십시오.
     1>c:\documents and settings\user\바탕 화면\jyl_class 3.01 ver\jyl_class\jyl_classdlg.cpp(234): warning C4996: 'strtok': This function or variable may be unsafe. Consider using strtok_s instead. To disable deprecation, use _CRT_SECURE_NO_WARNINGS. See online help for details.
                 c:\program files\microsoft visual studio 10.0\vc\include\string.h(197) : 'strtok' 선언을 참조하십시오.
     1>c:\documents and settings\user\바탕 화면\jyl_class 3.01 ver\jyl_class\jyl_classdlg.cpp(237): warning C4996: 'strtok': This function or variable may be unsafe. Consider using strtok_s instead. To disable deprecation, use _CRT_SECURE_NO_WARNINGS. See online help for details.
                 c:\program files\microsoft visual studio 10.0\vc\include\string.h(197) : 'strtok' 선언을 참조하십시오.
     1>c:\documents and settings\user\바탕 화면\jyl_class 3.01 ver\jyl_class\jyl_classdlg.cpp(239): warning C4996: 'strtok': This function or variable may be unsafe. Consider using strtok_s instead. To disable deprecation, use _CRT_SECURE_NO_WARNINGS. See online help for details.
                 c:\program files\microsoft visual studio 10.0\vc\include\string.h(197) : 'strtok' 선언을 참조하십시오.
     1>c:\documents and settings\user\바탕 화면\jyl_class 3.01 ver\jyl_class\jyl_classdlg.cpp(241): warning C4996: 'strtok': This function or variable may be unsafe. Consider using strtok_s instead. To disable deprecation, use _CRT_SECURE_NO_WARNINGS. See online help for details.
                 c:\program files\microsoft visual studio 10.0\vc\include\string.h(197) : 'strtok' 선언을 참조하십시오.
     1>c:\documents and settings\user\바탕 화면\jyl_class 3.01 ver\jyl_class\jyl_classdlg.cpp(243): warning C4996: 'strtok': This function or variable may be unsafe. Consider using strtok_s instead. To disable deprecation, use _CRT_SECURE_NO_WARNINGS. See online help for details.
                 c:\program files\microsoft visual studio 10.0\vc\include\string.h(197) : 'strtok' 선언을 참조하십시오.
     1>c:\documents and settings\user\바탕 화면\jyl_class 3.01 ver\jyl_class\jyl_classdlg.cpp(472): warning C4996: 'sprintf': This function or variable may be unsafe. Consider using sprintf_s instead. To disable deprecation, use _CRT_SECURE_NO_WARNINGS. See online help for details.
                 c:\program files\microsoft visual studio 10.0\vc\include\stdio.h(371) : 'sprintf' 선언을 참조하십시오.
     1>c:\documents and settings\user\바탕 화면\jyl_class 3.01 ver\jyl_class\jyl_classdlg.cpp(509): warning C4996: 'strcpy': This function or variable may be unsafe. Consider using strcpy_s instead. To disable deprecation, use _CRT_SECURE_NO_WARNINGS. See online help for details.
                 c:\program files\microsoft visual studio 10.0\vc\include\string.h(105) : 'strcpy' 선언을 참조하십시오.
     1>c:\documents and settings\user\바탕 화면\jyl_class 3.01 ver\jyl_class\jyl_classdlg.cpp(692): warning C4996: 'sprintf': This function or variable may be unsafe. Consider using sprintf_s instead. To disable deprecation, use _CRT_SECURE_NO_WARNINGS. See online help for details.
                 c:\program files\microsoft visual studio 10.0\vc\include\stdio.h(371) : 'sprintf' 선언을 참조하십시오.
     1>c:\documents and settings\user\바탕 화면\jyl_class 3.01 ver\jyl_class\jyl_classdlg.cpp(720): warning C4996: 'sprintf': This function or variable may be unsafe. Consider using sprintf_s instead. To disable deprecation, use _CRT_SECURE_NO_WARNINGS. See online help for details.
                 c:\program files\microsoft visual studio 10.0\vc\include\stdio.h(371) : 'sprintf' 선언을 참조하십시오.
     1>c:\documents and settings\user\바탕 화면\jyl_class 3.01 ver\jyl_class\jyl_classdlg.cpp(722): warning C4996: 'sprintf': This function or variable may be unsafe. Consider using sprintf_s instead. To disable deprecation, use _CRT_SECURE_NO_WARNINGS. See online help for details.
                 c:\program files\microsoft visual studio 10.0\vc\include\stdio.h(371) : 'sprintf' 선언을 참조하십시오.
     1>c:\documents and settings\user\바탕 화면\jyl_class 3.01 ver\jyl_class\jyl_classdlg.cpp(723): warning C4996: 'sprintf': This function or variable may be unsafe. Consider using sprintf_s instead. To disable deprecation, use _CRT_SECURE_NO_WARNINGS. See online help for details.
                 c:\program files\microsoft visual studio 10.0\vc\include\stdio.h(371) : 'sprintf' 선언을 참조하십시오.
     1>c:\documents and settings\user\바탕 화면\jyl_class 3.01 ver\jyl_class\jyl_classdlg.cpp(724): warning C4996: 'sprintf': This function or variable may be unsafe. Consider using sprintf_s instead. To disable deprecation, use _CRT_SECURE_NO_WARNINGS. See online help for details.
                 c:\program files\microsoft visual studio 10.0\vc\include\stdio.h(371) : 'sprintf' 선언을 참조하십시오.
     1>c:\documents and settings\user\바탕 화면\jyl_class 3.01 ver\jyl_class\jyl_classdlg.cpp(852): warning C4996: 'strcpy': This function or variable may be unsafe. Consider using strcpy_s instead. To disable deprecation, use _CRT_SECURE_NO_WARNINGS. See online help for details.
                 c:\program files\microsoft visual studio 10.0\vc\include\string.h(105) : 'strcpy' 선언을 참조하십시오.
     1>c:\documents and settings\user\바탕 화면\jyl_class 3.01 ver\jyl_class\jyl_classdlg.cpp(853): warning C4996: 'strcpy': This function or variable may be unsafe. Consider using strcpy_s instead. To disable deprecation, use _CRT_SECURE_NO_WARNINGS. See online help for details.
                 c:\program files\microsoft visual studio 10.0\vc\include\string.h(105) : 'strcpy' 선언을 참조하십시오.
     1>c:\documents and settings\user\바탕 화면\jyl_class 3.01 ver\jyl_class\jyl_classdlg.cpp(854): warning C4996: 'strcpy': This function or variable may be unsafe. Consider using strcpy_s instead. To disable deprecation, use _CRT_SECURE_NO_WARNINGS. See online help for details.
                 c:\program files\microsoft visual studio 10.0\vc\include\string.h(105) : 'strcpy' 선언을 참조하십시오.
     1>c:\documents and settings\user\바탕 화면\jyl_class 3.01 ver\jyl_class\jyl_classdlg.cpp(860): warning C4996: 'strcpy': This function or variable may be unsafe. Consider using strcpy_s instead. To disable deprecation, use _CRT_SECURE_NO_WARNINGS. See online help for details.
                 c:\program files\microsoft visual studio 10.0\vc\include\string.h(105) : 'strcpy' 선언을 참조하십시오.
         jyl_class.cpp
         ComSocket.cpp
         CommNetwork.cpp
         BitmapTool.cpp
         BitBtn.cpp
         코드를 생성하고 있습니다...
       ResourceCompile:
         C:\Program Files\Microsoft SDKs\Windows\v7.0A\bin\rc.exe /D _DEBUG /l"0x0412" /IDebug\ /nologo /fo"Debug\jyl_class.res" jyl_class.rc 
       ManifestResourceCompile:
         C:\Program Files\Microsoft SDKs\Windows\v7.0A\bin\rc.exe /nologo /fo"Debug\jyl_class.exe.embed.manifest.res" Debug\jyl_class_manifest.rc 
       Link:
         C:\Program Files\Microsoft Visual Studio 10.0\VC\bin\link.exe /ERRORREPORT:PROMPT /OUT:"C:\Documents and Settings\user\바탕 화면\jyl_class 3.01 ver\Debug\jyl_class.exe" /INCREMENTAL /NOLOGO Setupapi.lib winmm.lib msimg32.lib /MANIFEST /ManifestFile:"Debug\jyl_class.exe.intermediate.manifest" /MANIFESTUAC:"level='requireAdministrator' uiAccess='false'" /DEBUG /PDB:"C:\Documents and Settings\user\바탕 화면\jyl_class 3.01 ver\Debug\jyl_class.pdb" /SUBSYSTEM:WINDOWS /TLBID:1 /DYNAMICBASE /NXCOMPAT /IMPLIB:"C:\Documents and Settings\user\바탕 화면\jyl_class 3.01 ver\Debug\jyl_class.lib" /MACHINE:X86 Debug\jyl_class.res
         Debug\jyl_class.exe.embed.manifest.res
         Debug\BitBtn.obj
         Debug\BitmapTool.obj
         Debug\CommNetwork.obj
         Debug\ComSocket.obj
         Debug\jyl_class.obj
         Debug\jyl_classDlg.obj
         Debug\SerchPort.obj
         Debug\Setup_Dlg.obj
         Debug\SocketThread.obj
         Debug\stdafx.obj
         Debug\Transparency.obj
         Debug\WindowAutoStart.obj
         LINK : C:\Documents and Settings\user\바탕 화면\jyl_class 3.01 ver\Debug\jyl_class.exe을(를) 찾을 수 없거나 마지막 증분 링크에 의해 빌드되지 않았습니다. 전체 링크를 수행하고 있습니다.
       Manifest:
         C:\Program Files\Microsoft SDKs\Windows\v7.0A\bin\mt.exe /nologo /verbose /out:"Debug\jyl_class.exe.embed.manifest" /manifest Debug\jyl_class.exe.intermediate.manifest "C:\Program Files\Microsoft Visual Studio 10.0\VC\Include\Manifest\dpiaware.manifest"
         모든 출력이 최신 상태입니다.
       LinkEmbedManifest:
         모든 출력이 최신 상태입니다.
         jyl_class.vcxproj -> C:\Documents and Settings\user\바탕 화면\jyl_class 3.01 ver\Debug\jyl_class.exe
       FinalizeBuildStatus:
         "Debug\jyl_class.unsuccessfulbuild" 파일을 삭제하고 있습니다.
         "Debug\jyl_class.lastbuildstate"에 연결(touching)하고 있습니다.
     1>"C:\Documents and Settings\user\바탕 화면\jyl_class 3.01 ver\jyl_class\jyl_class.vcxproj" 프로젝트를 빌드했습니다(build 대상).

빌드했습니다.

경과 시간: 00:00:14.39
