빌드 시작: 2013-02-27 오후 4:14:53
     1>2 노드의 "C:\Documents and Settings\user\My Documents\호\프로젝트\호\프로그램\신버젼\Use DB\jyl_HTRoom 3.04 ver\jyl_HTRoom\jyl_HTRoom.vcxproj" 프로젝트(build 대상)입니다.
     1>InitializeBuildStatus:
         "AlwaysCreate"이(가) 지정되었기 때문에 "Debug\jyl_HTRoom.unsuccessfulbuild"을(를) 만들고 있습니다.
       ClCompile:
         모든 출력이 최신 상태입니다.
         모든 출력이 최신 상태입니다.
       ResourceCompile:
         모든 출력이 최신 상태입니다.
       ManifestResourceCompile:
         모든 출력이 최신 상태입니다.
       Link:
         모든 출력이 최신 상태입니다.
       Manifest:
         C:\Program Files\Microsoft SDKs\Windows\v7.0A\bin\mt.exe /nologo /verbose /out:"Debug\jyl_HTRoom.exe.embed.manifest" /manifest Debug\jyl_HTRoom.exe.intermediate.manifest "C:\Program Files\Microsoft Visual Studio 10.0\VC\Include\Manifest\dpiaware.manifest"
         모든 출력이 최신 상태입니다.
       FinalizeBuildStatus:
         "Debug\jyl_HTRoom.unsuccessfulbuild" 파일을 삭제하고 있습니다.
         "Debug\jyl_HTRoom.lastbuildstate"에 연결(touching)하고 있습니다.
     1>"C:\Documents and Settings\user\My Documents\호\프로젝트\호\프로그램\신버젼\Use DB\jyl_HTRoom 3.04 ver\jyl_HTRoom\jyl_HTRoom.vcxproj" 프로젝트를 빌드했습니다(build 대상).

빌드했습니다.

경과 시간: 00:00:00.09
