C:\USERS\정한나\DESKTOP\JYL_HTROOM 1.3VER\DEBUG\JYL_HTROOM.EXE
C:\USERS\정한나\DESKTOP\JYL_HTROOM 1.3VER\DEBUG\JYL_HTROOM.ILK
C:\USERS\정한나\DESKTOP\JYL_HTROOM 1.3VER\DEBUG\JYL_HTROOM.PDB
C:\USERS\정한나\DESKTOP\JYL_HTROOM 1.3VER\JYL_HTROOM\DEBUG\ARRSTRING.OBJ
C:\USERS\정한나\DESKTOP\JYL_HTROOM 1.3VER\JYL_HTROOM\DEBUG\BITBTN.OBJ
C:\USERS\정한나\DESKTOP\JYL_HTROOM 1.3VER\JYL_HTROOM\DEBUG\BITMAPTOOL.OBJ
C:\Users\정한나\Desktop\jyl_HTRoom 1.3ver\jyl_HTRoom\Debug\cl.command.1.tlog
C:\Users\정한나\Desktop\jyl_HTRoom 1.3ver\jyl_HTRoom\Debug\CL.read.1.tlog
C:\Users\정한나\Desktop\jyl_HTRoom 1.3ver\jyl_HTRoom\Debug\CL.write.1.tlog
C:\USERS\정한나\DESKTOP\JYL_HTROOM 1.3VER\JYL_HTROOM\DEBUG\DIALOG_DETAIL.OBJ
C:\USERS\정한나\DESKTOP\JYL_HTROOM 1.3VER\JYL_HTROOM\DEBUG\DIALOG_SETUP.OBJ
C:\USERS\정한나\DESKTOP\JYL_HTROOM 1.3VER\JYL_HTROOM\DEBUG\JYL_HTROOM.EXE.EMBED.MANIFEST
C:\USERS\정한나\DESKTOP\JYL_HTROOM 1.3VER\JYL_HTROOM\DEBUG\JYL_HTROOM.EXE.EMBED.MANIFEST.RES
C:\USERS\정한나\DESKTOP\JYL_HTROOM 1.3VER\JYL_HTROOM\DEBUG\JYL_HTROOM.EXE.INTERMEDIATE.MANIFEST
C:\USERS\정한나\DESKTOP\JYL_HTROOM 1.3VER\JYL_HTROOM\DEBUG\JYL_HTROOM.OBJ
C:\USERS\정한나\DESKTOP\JYL_HTROOM 1.3VER\JYL_HTROOM\DEBUG\JYL_HTROOM.PCH
C:\USERS\정한나\DESKTOP\JYL_HTROOM 1.3VER\JYL_HTROOM\DEBUG\JYL_HTROOM.RES
C:\Users\정한나\Desktop\jyl_HTRoom 1.3ver\jyl_HTRoom\Debug\jyl_HTRoom_manifest.rc
C:\USERS\정한나\DESKTOP\JYL_HTROOM 1.3VER\JYL_HTROOM\DEBUG\JYL_HTROOMDLG.OBJ
C:\Users\정한나\Desktop\jyl_HTRoom 1.3ver\jyl_HTRoom\Debug\link.command.1.tlog
C:\Users\정한나\Desktop\jyl_HTRoom 1.3ver\jyl_HTRoom\Debug\link.read.1.tlog
C:\Users\정한나\Desktop\jyl_HTRoom 1.3ver\jyl_HTRoom\Debug\link.write.1.tlog
C:\Users\정한나\Desktop\jyl_HTRoom 1.3ver\jyl_HTRoom\Debug\link-cvtres.read.1.tlog
C:\Users\정한나\Desktop\jyl_HTRoom 1.3ver\jyl_HTRoom\Debug\link-cvtres.write.1.tlog
C:\Users\정한나\Desktop\jyl_HTRoom 1.3ver\jyl_HTRoom\Debug\mt.command.1.tlog
C:\Users\정한나\Desktop\jyl_HTRoom 1.3ver\jyl_HTRoom\Debug\mt.read.1.tlog
C:\Users\정한나\Desktop\jyl_HTRoom 1.3ver\jyl_HTRoom\Debug\mt.write.1.tlog
C:\Users\정한나\Desktop\jyl_HTRoom 1.3ver\jyl_HTRoom\Debug\rc.command.1.tlog
C:\Users\정한나\Desktop\jyl_HTRoom 1.3ver\jyl_HTRoom\Debug\rc.read.1.tlog
C:\Users\정한나\Desktop\jyl_HTRoom 1.3ver\jyl_HTRoom\Debug\rc.write.1.tlog
C:\USERS\정한나\DESKTOP\JYL_HTROOM 1.3VER\JYL_HTROOM\DEBUG\SERVERMGR.OBJ
C:\USERS\정한나\DESKTOP\JYL_HTROOM 1.3VER\JYL_HTROOM\DEBUG\SOCCOM.OBJ
C:\USERS\정한나\DESKTOP\JYL_HTROOM 1.3VER\JYL_HTROOM\DEBUG\SOCSERVER.OBJ
C:\USERS\정한나\DESKTOP\JYL_HTROOM 1.3VER\JYL_HTROOM\DEBUG\STDAFX.OBJ
C:\USERS\정한나\DESKTOP\JYL_HTROOM 1.3VER\JYL_HTROOM\DEBUG\TRANSPARENCY.OBJ
C:\Users\정한나\Desktop\jyl_HTRoom 1.3ver\jyl_HTRoom\Debug\vc100.idb
C:\USERS\정한나\DESKTOP\JYL_HTROOM 1.3VER\JYL_HTROOM\DEBUG\VC100.PDB
C:\USERS\정한나\DESKTOP\JYL_HTROOM 1.3VER\JYL_HTROOM\DEBUG\WINDOWAUTOSTART.OBJ
